<?xml version="1.0" encoding="UTF-8"?>
<!-- Generated by org.testng.reporters.JUnitXMLReporter -->
<testsuite ignored="0" hostname="GE-testing-MacBook-Pro.local" failures="0" tests="12" name="Selenium" time="0.058" errors="0" timestamp="06 May 2021 03:50:46 GMT">
  <testcase classname="selenium.TestNGClass1" name="M5" time="0.008"/>
  <testcase classname="selenium.TestNGClass1" name="Method1" time="0.001"/>
  <testcase classname="selenium.TestNGClass1" name="Method2" time="0.001"/>
  <testcase classname="selenium.TestNGClass1" name="Method3" time="0.001"/>
  <testcase classname="selenium.TestNGClass1" name="Method4" time="0.001"/>
  <testcase classname="selenium.TestNGClass1" name="Method5" time="0.001"/>
  <testcase classname="selenium.test1" name="Atesting1" time="0.001"/>
  <testcase classname="selenium.test1" name="Atesting2" time="0.001"/>
  <testcase classname="selenium.test1" name="Atesting3" time="0.001"/>
  <testcase classname="selenium.test1" name="btesting1" time="0.001"/>
  <testcase classname="selenium.test1" name="btesting2" time="0.001"/>
  <testcase classname="selenium.test1" name="c2" time="0.003"/>
</testsuite> <!-- Selenium -->
