<?xml version="1.0" encoding="UTF-8"?>
<!-- Generated by org.testng.reporters.JUnitXMLReporter -->
<testsuite ignored="1" hostname="GE-testing-MacBook-Pro.local" failures="0" tests="5" name="Seleniumq" time="0.017" errors="0" timestamp="06 May 2021 03:34:16 GMT">
  <testcase classname="selenium.TestNGClass1" name="Method1" time="0.001"/>
  <testcase classname="selenium.TestNGClass1" name="Method2" time="0.002"/>
  <testcase classname="selenium.TestNGClass1" name="Method3" time="0.001"/>
  <testcase classname="selenium.TestNGClass1" name="Method4" time="0.002"/>
  <testcase classname="selenium.TestNGClass1" name="Method5" time="0.001"/>
  <testcase classname="selenium.TestNGClass1" name="M5" time="0.0">
    <ignored/>
  </testcase> <!-- M5 -->
</testsuite> <!-- Seleniumq -->
