<?xml version="1.0" encoding="UTF-8"?>
<!-- Generated by org.testng.reporters.JUnitXMLReporter -->
<testsuite ignored="0" hostname="GE-testing-MacBook-Pro.local" failures="0" tests="5" name="Selenium1" time="0.022" errors="0" timestamp="06 May 2021 02:48:42 GMT">
  <testcase classname="selenium.TestNGClass1" name="Method1" time="0.001"/>
  <testcase classname="selenium.TestNGClass1" name="Method2" time="0.004"/>
  <testcase classname="selenium.TestNGClass1" name="Method3" time="0.002"/>
  <testcase classname="selenium.TestNGClass1" name="Method4" time="0.002"/>
  <testcase classname="selenium.TestNGClass1" name="Method5" time="0.003"/>
</testsuite> <!-- Selenium1 -->
