<?xml version="1.0" encoding="UTF-8"?>
<!-- Generated by org.testng.reporters.JUnitXMLReporter -->
<testsuite ignored="0" hostname="GE-testing-MacBook-Pro.local" failures="0" tests="5" name="Selenium" time="0.054" errors="0" timestamp="06 May 2021 03:25:55 GMT">
  <testcase classname="selenium.test1" name="Atesting1" time="0.008"/>
  <testcase classname="selenium.test1" name="Atesting2" time="0.004"/>
  <testcase classname="selenium.test1" name="Atesting3" time="0.001"/>
  <testcase classname="selenium.test1" name="btesting1" time="0.002"/>
  <testcase classname="selenium.test1" name="btesting2" time="0.002"/>
</testsuite> <!-- Selenium -->
